{"$message_type":"diagnostic","message":"linking with `cc` failed: exit status: 1","code":null,"level":"error","spans":[],"children":[{"message":"env -u IPHONEOS_DEPLOYMENT_TARGET -u TVOS_DEPLOYMENT_TARGET -u XROS_DEPLOYMENT_TARGET LC_ALL=\"C\" PATH=\"/Users/shivenshekar/.rustup/toolchains/stable-aarch64-apple-darwin/lib/rustlib/aarch64-apple-darwin/bin:/Library/Java/JavaVirtualMachines/jdk-17.jdk/Contents/Home/bin:/Users/shivenshekar/.sdkman/candidates/java/current/bin:/Users/shivenshekar/.local/bin:/Users/shivenshekar/.cargo/bin:/opt/anaconda3/bin:/opt/anaconda3/condabin:/opt/homebrew/bin:/opt/homebrew/sbin:/usr/local/bin:/System/Cryptexes/App/usr/bin:/usr/bin:/bin:/usr/sbin:/sbin:/var/run/com.apple.security.cryptexd/codex.system/bootstrap/usr/local/bin:/var/run/com.apple.security.cryptexd/codex.system/bootstrap/usr/bin:/var/run/com.apple.security.cryptexd/codex.system/bootstrap/usr/appleinternal/bin:/opt/X11/bin:/Library/Apple/usr/bin:/usr/local/share/dotnet:~/.dotnet/tools:/Users/shivenshekar/.cargo/bin:/opt/usr/bin:/opt/usr/sbin\" VSLANG=\"1033\" ZERO_AR_DATE=\"1\" \"cc\" \"/var/folders/8_/q1lw0p0s7zv4jmqysmc526jr0000gn/T/rustc1ipBPf/symbols.o\" \"/Users/shivenshekar/RustroverProjects/rust-os/target/debug/deps/rust_os-ce310c25a99acb11.6486hilwqw4btbd5ibhei9yxm.rcgu.o\" \"/Users/shivenshekar/.rustup/toolchains/stable-aarch64-apple-darwin/lib/rustlib/aarch64-apple-darwin/lib/librustc_std_workspace_core-0ffffa7eb0407c16.rlib\" \"/Users/shivenshekar/.rustup/toolchains/stable-aarch64-apple-darwin/lib/rustlib/aarch64-apple-darwin/lib/libcore-ec2fdc463bb543f6.rlib\" \"/Users/shivenshekar/.rustup/toolchains/stable-aarch64-apple-darwin/lib/rustlib/aarch64-apple-darwin/lib/libcompiler_builtins-d6d5c321a716d6df.rlib\" \"-arch\" \"arm64\" \"-mmacosx-version-min=11.0.0\" \"-o\" \"/Users/shivenshekar/RustroverProjects/rust-os/target/debug/deps/rust_os-ce310c25a99acb11\" \"-Wl,-dead_strip\" \"-nodefaultlibs\"","code":null,"level":"note","spans":[],"children":[],"rendered":null},{"message":"Undefined symbols for architecture arm64:\n  \"_main\", referenced from:\n      <initial-undefines>\n  \"dyld_stub_binder\", referenced from:\n      <initial-undefines>\nld: symbol(s) not found for architecture arm64\nclang: error: linker command failed with exit code 1 (use -v to see invocation)\n","code":null,"level":"note","spans":[],"children":[],"rendered":null}],"rendered":"\u001b[0m\u001b[1m\u001b[38;5;9merror\u001b[0m\u001b[0m\u001b[1m: linking with `cc` failed: exit status: 1\u001b[0m\n\u001b[0m  \u001b[0m\u001b[0m\u001b[1m\u001b[38;5;12m|\u001b[0m\n\u001b[0m  \u001b[0m\u001b[0m\u001b[1m\u001b[38;5;12m= \u001b[0m\u001b[0m\u001b[1mnote\u001b[0m\u001b[0m: env -u IPHONEOS_DEPLOYMENT_TARGET -u TVOS_DEPLOYMENT_TARGET -u XROS_DEPLOYMENT_TARGET LC_ALL=\"C\" PATH=\"/Users/shivenshekar/.rustup/toolchains/stable-aarch64-apple-darwin/lib/rustlib/aarch64-apple-darwin/bin:/Library/Java/JavaVirtualMachines/jdk-17.jdk/Contents/Home/bin:/Users/shivenshekar/.sdkman/candidates/java/current/bin:/Users/shivenshekar/.local/bin:/Users/shivenshekar/.cargo/bin:/opt/anaconda3/bin:/opt/anaconda3/condabin:/opt/homebrew/bin:/opt/homebrew/sbin:/usr/local/bin:/System/Cryptexes/App/usr/bin:/usr/bin:/bin:/usr/sbin:/sbin:/var/run/com.apple.security.cryptexd/codex.system/bootstrap/usr/local/bin:/var/run/com.apple.security.cryptexd/codex.system/bootstrap/usr/bin:/var/run/com.apple.security.cryptexd/codex.system/bootstrap/usr/appleinternal/bin:/opt/X11/bin:/Library/Apple/usr/bin:/usr/local/share/dotnet:~/.dotnet/tools:/Users/shivenshekar/.cargo/bin:/opt/usr/bin:/opt/usr/sbin\" VSLANG=\"1033\" ZERO_AR_DATE=\"1\" \"cc\" \"/var/folders/8_/q1lw0p0s7zv4jmqysmc526jr0000gn/T/rustc1ipBPf/symbols.o\" \"/Users/shivenshekar/RustroverProjects/rust-os/target/debug/deps/rust_os-ce310c25a99acb11.6486hilwqw4btbd5ibhei9yxm.rcgu.o\" \"/Users/shivenshekar/.rustup/toolchains/stable-aarch64-apple-darwin/lib/rustlib/aarch64-apple-darwin/lib/librustc_std_workspace_core-0ffffa7eb0407c16.rlib\" \"/Users/shivenshekar/.rustup/toolchains/stable-aarch64-apple-darwin/lib/rustlib/aarch64-apple-darwin/lib/libcore-ec2fdc463bb543f6.rlib\" \"/Users/shivenshekar/.rustup/toolchains/stable-aarch64-apple-darwin/lib/rustlib/aarch64-apple-darwin/lib/libcompiler_builtins-d6d5c321a716d6df.rlib\" \"-arch\" \"arm64\" \"-mmacosx-version-min=11.0.0\" \"-o\" \"/Users/shivenshekar/RustroverProjects/rust-os/target/debug/deps/rust_os-ce310c25a99acb11\" \"-Wl,-dead_strip\" \"-nodefaultlibs\"\u001b[0m\n\u001b[0m  \u001b[0m\u001b[0m\u001b[1m\u001b[38;5;12m= \u001b[0m\u001b[0m\u001b[1mnote\u001b[0m\u001b[0m: Undefined symbols for architecture arm64:\u001b[0m\n\u001b[0m            \"_main\", referenced from:\u001b[0m\n\u001b[0m                <initial-undefines>\u001b[0m\n\u001b[0m            \"dyld_stub_binder\", referenced from:\u001b[0m\n\u001b[0m                <initial-undefines>\u001b[0m\n\u001b[0m          ld: symbol(s) not found for architecture arm64\u001b[0m\n\u001b[0m          clang: error: linker command failed with exit code 1 (use -v to see invocation)\u001b[0m\n\u001b[0m          \u001b[0m\n\n"}
{"$message_type":"diagnostic","message":"aborting due to 1 previous error","code":null,"level":"error","spans":[],"children":[],"rendered":"\u001b[0m\u001b[1m\u001b[38;5;9merror\u001b[0m\u001b[0m\u001b[1m: aborting due to 1 previous error\u001b[0m\n\n"}
